[debug] [2020-10-19T06:51:40.312Z] ----------------------------------------------------------------------
[debug] [2020-10-19T06:51:40.314Z] Command:       /home/shaswat/.nvm/versions/node/v12.9.1/bin/node /home/shaswat/.nvm/versions/node/v12.9.1/bin/firebase deploy
[debug] [2020-10-19T06:51:40.315Z] CLI Version:   8.6.0
[debug] [2020-10-19T06:51:40.315Z] Platform:      linux
[debug] [2020-10-19T06:51:40.315Z] Node Version:  v12.9.1
[debug] [2020-10-19T06:51:40.315Z] Time:          Mon Oct 19 2020 12:21:40 GMT+0530 (India Standard Time)
[debug] [2020-10-19T06:51:40.315Z] ----------------------------------------------------------------------
[debug] [2020-10-19T06:51:40.316Z] 
[debug] [2020-10-19T06:51:40.323Z] > command requires scopes: ["email","openid","https://www.googleapis.com/auth/cloudplatformprojects.readonly","https://www.googleapis.com/auth/firebase","https://www.googleapis.com/auth/cloud-platform"]
[debug] [2020-10-19T06:51:40.323Z] > authorizing via signed-in user
[debug] [2020-10-19T06:51:40.323Z] [iam] checking project atlan-task-d55a8 for permissions ["cloudfunctions.functions.create","cloudfunctions.functions.delete","cloudfunctions.functions.get","cloudfunctions.functions.list","cloudfunctions.functions.update","cloudfunctions.operations.get","firebase.projects.get","firebasehosting.sites.update"]
[debug] [2020-10-19T06:51:40.326Z] > refreshing access token with scopes: ["email","https://www.googleapis.com/auth/cloud-platform","https://www.googleapis.com/auth/cloudplatformprojects.readonly","https://www.googleapis.com/auth/firebase","openid"]
[debug] [2020-10-19T06:51:40.326Z] >>> HTTP REQUEST POST https://www.googleapis.com/oauth2/v3/token  
 <request body omitted>
[debug] [2020-10-19T06:51:41.333Z] <<< HTTP RESPONSE 200 {"expires":"Mon, 01 Jan 1990 00:00:00 GMT","pragma":"no-cache","cache-control":"no-cache, no-store, max-age=0, must-revalidate","date":"Mon, 19 Oct 2020 06:51:41 GMT","content-type":"application/json; charset=utf-8","vary":"X-Origin, Referer, Origin,Accept-Encoding","server":"scaffolding on HTTPServer2","x-xss-protection":"0","x-frame-options":"SAMEORIGIN","x-content-type-options":"nosniff","alt-svc":"h3-Q050=\":443\"; ma=2592000,h3-29=\":443\"; ma=2592000,h3-27=\":443\"; ma=2592000,h3-T051=\":443\"; ma=2592000,h3-T050=\":443\"; ma=2592000,h3-Q046=\":443\"; ma=2592000,h3-Q043=\":443\"; ma=2592000,quic=\":443\"; ma=2592000; v=\"46,43\"","accept-ranges":"none","transfer-encoding":"chunked"}
[debug] [2020-10-19T06:51:41.346Z] >>> HTTP REQUEST POST https://cloudresourcemanager.googleapis.com/v1/projects/atlan-task-d55a8:testIamPermissions  
 {"permissions":["cloudfunctions.functions.create","cloudfunctions.functions.delete","cloudfunctions.functions.get","cloudfunctions.functions.list","cloudfunctions.functions.update","cloudfunctions.operations.get","firebase.projects.get","firebasehosting.sites.update"]}
[debug] [2020-10-19T06:51:52.659Z] [iam] error while checking permissions, command may fail: FirebaseError: Server Error. socket hang up
[debug] [2020-10-19T06:51:52.661Z] >>> HTTP REQUEST POST https://iam.googleapis.com/v1/projects/atlan-task-d55a8/serviceAccounts/atlan-task-d55a8@appspot.gserviceaccount.com:testIamPermissions  
 {"permissions":["iam.serviceAccounts.actAs"]}
[debug] [2020-10-19T06:51:58.707Z] <<< HTTP RESPONSE 200 {"content-type":"application/json; charset=UTF-8","vary":"X-Origin, Referer, Origin,Accept-Encoding","date":"Mon, 19 Oct 2020 06:51:58 GMT","server":"ESF","cache-control":"private","x-xss-protection":"0","x-frame-options":"SAMEORIGIN","x-content-type-options":"nosniff","alt-svc":"h3-Q050=\":443\"; ma=2592000,h3-29=\":443\"; ma=2592000,h3-27=\":443\"; ma=2592000,h3-T051=\":443\"; ma=2592000,h3-T050=\":443\"; ma=2592000,h3-Q046=\":443\"; ma=2592000,h3-Q043=\":443\"; ma=2592000,quic=\":443\"; ma=2592000; v=\"46,43\"","accept-ranges":"none","transfer-encoding":"chunked"}
[debug] [2020-10-19T06:51:58.715Z] >>> HTTP REQUEST GET https://firebase.googleapis.com/v1beta1/projects/atlan-task-d55a8  
 
[debug] [2020-10-19T06:52:00.528Z] <<< HTTP RESPONSE 200 {"content-type":"application/json; charset=UTF-8","vary":"X-Origin, Referer, Origin,Accept-Encoding","date":"Mon, 19 Oct 2020 06:52:00 GMT","server":"ESF","cache-control":"private","x-xss-protection":"0","x-frame-options":"SAMEORIGIN","x-content-type-options":"nosniff","alt-svc":"h3-Q050=\":443\"; ma=2592000,h3-29=\":443\"; ma=2592000,h3-27=\":443\"; ma=2592000,h3-T051=\":443\"; ma=2592000,h3-T050=\":443\"; ma=2592000,h3-Q046=\":443\"; ma=2592000,h3-Q043=\":443\"; ma=2592000,quic=\":443\"; ma=2592000; v=\"46,43\"","accept-ranges":"none","transfer-encoding":"chunked"}
